Build started 7/4/2012 10:49:10 PM.
     1>Project "E:\Programming\TheProject\Libs\angelscript\angelscript\projects\msvc10\angelscript.vcxproj" on node 2 (build target(s)).
     1>InitializeBuildStatus:
         Creating "Release\angelscript.unsuccessfulbuild" because "AlwaysCreate" was specified.
       ClCompile:
         C:\Program Files (x86)\Microsoft Visual Studio 10.0\VC\bin\CL.exe /c /Zi /nologo /W3 /WX- /Ox /Ob2 /Ot /Oy- /GL /D ANGELSCRIPT_EXPORT /D WIN32 /D NDEBUG /D _LIB /GF /Gm- /MD /GS- /arch:SSE2 /fp:fast /Zc:wchar_t /Zc:forScope /GR- /Fo"Release\\" /Fd"Release\vc100.pdb" /Gd /TP /analyze- /errorReport:prompt ..\..\source\as_atomic.cpp ..\..\source\as_builder.cpp ..\..\source\as_bytecode.cpp ..\..\source\as_callfunc.cpp ..\..\source\as_callfunc_mips.cpp ..\..\source\as_callfunc_sh4.cpp ..\..\source\as_callfunc_x64_msvc.cpp ..\..\source\as_callfunc_x86.cpp ..\..\source\as_compiler.cpp ..\..\source\as_configgroup.cpp ..\..\source\as_context.cpp ..\..\source\as_datatype.cpp ..\..\source\as_gc.cpp ..\..\source\as_generic.cpp ..\..\source\as_globalproperty.cpp ..\..\source\as_memory.cpp ..\..\source\as_module.cpp ..\..\source\as_objecttype.cpp ..\..\source\as_outputbuffer.cpp ..\..\source\as_parser.cpp ..\..\source\as_restore.cpp ..\..\source\as_scriptcode.cpp ..\..\source\as_scriptengine.cpp ..\..\source\as_scriptfunction.cpp ..\..\source\as_scriptnode.cpp ..\..\source\as_scriptobject.cpp ..\..\source\as_string.cpp ..\..\source\as_string_util.cpp ..\..\source\as_thread.cpp ..\..\source\as_tokenizer.cpp ..\..\source\as_typeinfo.cpp ..\..\source\as_variablescope.cpp
         as_atomic.cpp
         as_builder.cpp
         as_bytecode.cpp
         as_callfunc.cpp
         as_callfunc_mips.cpp
         as_callfunc_sh4.cpp
         as_callfunc_x64_msvc.cpp
         as_callfunc_x86.cpp
         as_compiler.cpp
         as_configgroup.cpp
         as_context.cpp
         as_datatype.cpp
         as_gc.cpp
         as_generic.cpp
         as_globalproperty.cpp
         as_memory.cpp
         as_module.cpp
         as_objecttype.cpp
         as_outputbuffer.cpp
         as_parser.cpp
         Compiling...
         as_restore.cpp
         as_scriptcode.cpp
         as_scriptengine.cpp
         as_scriptfunction.cpp
         as_scriptnode.cpp
         as_scriptobject.cpp
         as_string.cpp
         as_string_util.cpp
         as_thread.cpp
         as_tokenizer.cpp
         as_typeinfo.cpp
         as_variablescope.cpp
       Lib:
         C:\Program Files (x86)\Microsoft Visual Studio 10.0\VC\bin\Lib.exe /OUT:"../../lib\angelscript.lib" /NOLOGO Release\as_atomic.obj
         Release\as_builder.obj
         Release\as_bytecode.obj
         Release\as_callfunc.obj
         Release\as_callfunc_mips.obj
         Release\as_callfunc_sh4.obj
         Release\as_callfunc_x64_msvc.obj
         Release\as_callfunc_x86.obj
         Release\as_compiler.obj
         Release\as_configgroup.obj
         Release\as_context.obj
         Release\as_datatype.obj
         Release\as_gc.obj
         Release\as_generic.obj
         Release\as_globalproperty.obj
         Release\as_memory.obj
         Release\as_module.obj
         Release\as_objecttype.obj
         Release\as_outputbuffer.obj
         Release\as_parser.obj
         Release\as_restore.obj
         Release\as_scriptcode.obj
         Release\as_scriptengine.obj
         Release\as_scriptfunction.obj
         Release\as_scriptnode.obj
         Release\as_scriptobject.obj
         Release\as_string.obj
         Release\as_string_util.obj
         Release\as_thread.obj
         Release\as_tokenizer.obj
         Release\as_typeinfo.obj
         Release\as_variablescope.obj
         as_variablescope.obj : MSIL .netmodule or module compiled with /GL found; restarting link with /LTCG; add /LTCG to the link command line to improve linker performance
         angelscript.vcxproj -> E:\Programming\TheProject\Libs\angelscript\angelscript\projects\msvc10\../../lib\angelscript.lib
       FinalizeBuildStatus:
         Deleting file "Release\angelscript.unsuccessfulbuild".
         Touching "Release\angelscript.lastbuildstate".
     1>Done Building Project "E:\Programming\TheProject\Libs\angelscript\angelscript\projects\msvc10\angelscript.vcxproj" (build target(s)).

Build succeeded.

Time Elapsed 00:00:05.02
